11-Oct-2017 11:23:21.408 INFO [http-nio-8080-exec-39] org.apache.catalina.core.StandardContext.reload Reloading Context with name [/Books] has started
11-Oct-2017 11:23:21.440 WARNING [http-nio-8080-exec-39] org.apache.catalina.loader.WebappClassLoaderBase.clearReferencesJdbc The web application [Books] registered the JDBC driver [oracle.jdbc.OracleDriver] but failed to unregister it when the web application was stopped. To prevent a memory leak, the JDBC Driver has been forcibly unregistered.
11-Oct-2017 11:23:22.268 INFO [http-nio-8080-exec-39] org.apache.catalina.core.StandardContext.reload Reloading Context with name [/Books] is completed
11-Oct-2017 11:23:37.306 INFO [http-nio-8080-exec-42] org.apache.catalina.core.StandardContext.reload Reloading Context with name [/Books] has started
11-Oct-2017 11:23:37.822 INFO [http-nio-8080-exec-42] org.apache.catalina.core.StandardContext.reload Reloading Context with name [/Books] is completed
11-Oct-2017 11:23:40.235 INFO [http-nio-8080-exec-43] org.apache.catalina.core.StandardContext.reload Reloading Context with name [/Books] has started
11-Oct-2017 11:23:40.781 INFO [http-nio-8080-exec-43] org.apache.catalina.core.StandardContext.reload Reloading Context with name [/Books] is completed
11-Oct-2017 11:29:22.542 INFO [http-nio-8080-exec-54] org.apache.catalina.core.StandardContext.reload Reloading Context with name [/Books] has started
11-Oct-2017 11:29:22.589 WARNING [http-nio-8080-exec-54] org.apache.catalina.loader.WebappClassLoaderBase.clearReferencesJdbc The web application [Books] registered the JDBC driver [oracle.jdbc.OracleDriver] but failed to unregister it when the web application was stopped. To prevent a memory leak, the JDBC Driver has been forcibly unregistered.
11-Oct-2017 11:29:23.299 INFO [http-nio-8080-exec-54] org.apache.catalina.core.StandardContext.reload Reloading Context with name [/Books] is completed
11-Oct-2017 11:31:40.062 INFO [http-nio-8080-exec-50] org.apache.catalina.core.StandardContext.reload Reloading Context with name [/Books] has started
11-Oct-2017 11:31:40.547 INFO [http-nio-8080-exec-50] org.apache.catalina.core.StandardContext.reload Reloading Context with name [/Books] is completed
11-Oct-2017 11:31:46.735 INFO [http-nio-8080-exec-57] org.apache.catalina.core.StandardContext.reload Reloading Context with name [/Books] has started
11-Oct-2017 11:31:47.220 INFO [http-nio-8080-exec-57] org.apache.catalina.core.StandardContext.reload Reloading Context with name [/Books] is completed
11-Oct-2017 11:31:50.425 INFO [http-nio-8080-exec-58] org.apache.catalina.core.StandardContext.reload Reloading Context with name [/Books] has started
11-Oct-2017 11:31:50.925 INFO [http-nio-8080-exec-58] org.apache.catalina.core.StandardContext.reload Reloading Context with name [/Books] is completed
11-Oct-2017 11:32:24.588 SEVERE [http-nio-8080-exec-58] dbHelper.Admin_ReadQuery.doRead null
 java.sql.SQLSyntaxErrorException: ORA-00933: SQL command not properly ended

	at oracle.jdbc.driver.T4CTTIoer.processError(T4CTTIoer.java:447)
	at oracle.jdbc.driver.T4CTTIoer.processError(T4CTTIoer.java:396)
	at oracle.jdbc.driver.T4C8Oall.processError(T4C8Oall.java:951)
	at oracle.jdbc.driver.T4CTTIfun.receive(T4CTTIfun.java:513)
	at oracle.jdbc.driver.T4CTTIfun.doRPC(T4CTTIfun.java:227)
	at oracle.jdbc.driver.T4C8Oall.doOALL(T4C8Oall.java:531)
	at oracle.jdbc.driver.T4CPreparedStatement.doOall8(T4CPreparedStatement.java:208)
	at oracle.jdbc.driver.T4CPreparedStatement.executeForDescribe(T4CPreparedStatement.java:886)
	at oracle.jdbc.driver.OracleStatement.executeMaybeDescribe(OracleStatement.java:1175)
	at oracle.jdbc.driver.OracleStatement.doExecuteWithTimeout(OracleStatement.java:1296)
	at oracle.jdbc.driver.OraclePreparedStatement.executeInternal(OraclePreparedStatement.java:3613)
	at oracle.jdbc.driver.OraclePreparedStatement.executeQuery(OraclePreparedStatement.java:3657)
	at oracle.jdbc.driver.OraclePreparedStatementWrapper.executeQuery(OraclePreparedStatementWrapper.java:1495)
	at dbHelper.Admin_ReadQuery.doRead(Admin_ReadQuery.java:58)
	at controller.Admin_ReadServlet.doPost(Admin_ReadServlet.java:87)
	at controller.Admin_ReadServlet.doGet(Admin_ReadServlet.java:65)
	at javax.servlet.http.HttpServlet.service(HttpServlet.java:635)
	at javax.servlet.http.HttpServlet.service(HttpServlet.java:742)
	at org.apache.catalina.core.ApplicationFilterChain.internalDoFilter(ApplicationFilterChain.java:231)
	at org.apache.catalina.core.ApplicationFilterChain.doFilter(ApplicationFilterChain.java:166)
	at org.apache.tomcat.websocket.server.WsFilter.doFilter(WsFilter.java:52)
	at org.apache.catalina.core.ApplicationFilterChain.internalDoFilter(ApplicationFilterChain.java:193)
	at org.apache.catalina.core.ApplicationFilterChain.doFilter(ApplicationFilterChain.java:166)
	at org.apache.catalina.core.StandardWrapperValve.invoke(StandardWrapperValve.java:199)
	at org.apache.catalina.core.StandardContextValve.invoke(StandardContextValve.java:96)
	at org.apache.catalina.authenticator.AuthenticatorBase.invoke(AuthenticatorBase.java:595)
	at org.apache.catalina.core.StandardHostValve.invoke(StandardHostValve.java:140)
	at org.apache.catalina.valves.ErrorReportValve.invoke(ErrorReportValve.java:81)
	at org.apache.catalina.valves.AbstractAccessLogValve.invoke(AbstractAccessLogValve.java:650)
	at org.apache.catalina.core.StandardEngineValve.invoke(StandardEngineValve.java:87)
	at org.apache.catalina.connector.CoyoteAdapter.service(CoyoteAdapter.java:342)
	at org.apache.coyote.http11.Http11Processor.service(Http11Processor.java:803)
	at org.apache.coyote.AbstractProcessorLight.process(AbstractProcessorLight.java:66)
	at org.apache.coyote.AbstractProtocol$ConnectionHandler.process(AbstractProtocol.java:868)
	at org.apache.tomcat.util.net.NioEndpoint$SocketProcessor.doRun(NioEndpoint.java:1459)
	at org.apache.tomcat.util.net.SocketProcessorBase.run(SocketProcessorBase.java:49)
	at java.util.concurrent.ThreadPoolExecutor.runWorker(ThreadPoolExecutor.java:1142)
	at java.util.concurrent.ThreadPoolExecutor$Worker.run(ThreadPoolExecutor.java:617)
	at org.apache.tomcat.util.threads.TaskThread$WrappingRunnable.run(TaskThread.java:61)
	at java.lang.Thread.run(Thread.java:745)

11-Oct-2017 11:33:56.787 INFO [http-nio-8080-exec-70] org.apache.catalina.core.StandardContext.reload Reloading Context with name [/Books] has started
11-Oct-2017 11:33:56.881 WARNING [http-nio-8080-exec-70] org.apache.catalina.loader.WebappClassLoaderBase.clearReferencesJdbc The web application [Books] registered the JDBC driver [oracle.jdbc.OracleDriver] but failed to unregister it when the web application was stopped. To prevent a memory leak, the JDBC Driver has been forcibly unregistered.
11-Oct-2017 11:33:57.303 INFO [http-nio-8080-exec-70] org.apache.catalina.core.StandardContext.reload Reloading Context with name [/Books] is completed
11-Oct-2017 11:34:00.628 INFO [http-nio-8080-exec-67] org.apache.catalina.core.StandardContext.reload Reloading Context with name [/Books] has started
11-Oct-2017 11:34:01.081 INFO [http-nio-8080-exec-67] org.apache.catalina.core.StandardContext.reload Reloading Context with name [/Books] is completed
11-Oct-2017 11:35:10.325 INFO [http-nio-8080-exec-81] org.apache.catalina.core.StandardContext.reload Reloading Context with name [/Books] has started
11-Oct-2017 11:35:10.356 WARNING [http-nio-8080-exec-81] org.apache.catalina.loader.WebappClassLoaderBase.clearReferencesJdbc The web application [Books] registered the JDBC driver [oracle.jdbc.OracleDriver] but failed to unregister it when the web application was stopped. To prevent a memory leak, the JDBC Driver has been forcibly unregistered.
11-Oct-2017 11:35:10.794 INFO [http-nio-8080-exec-81] org.apache.catalina.core.StandardContext.reload Reloading Context with name [/Books] is completed
11-Oct-2017 11:35:11.215 INFO [http-nio-8080-exec-80] org.apache.catalina.core.StandardContext.reload Reloading Context with name [/Books] has started
11-Oct-2017 11:35:11.669 INFO [http-nio-8080-exec-80] org.apache.catalina.core.StandardContext.reload Reloading Context with name [/Books] is completed
11-Oct-2017 11:35:35.813 INFO [http-nio-8080-exec-76] org.apache.catalina.core.StandardContext.reload Reloading Context with name [/Books] has started
11-Oct-2017 11:35:36.298 INFO [http-nio-8080-exec-76] org.apache.catalina.core.StandardContext.reload Reloading Context with name [/Books] is completed
11-Oct-2017 11:35:36.313 INFO [http-nio-8080-exec-85] org.apache.catalina.core.StandardContext.reload Reloading Context with name [/Books] has started
11-Oct-2017 11:35:36.798 INFO [http-nio-8080-exec-85] org.apache.catalina.core.StandardContext.reload Reloading Context with name [/Books] is completed
11-Oct-2017 11:35:54.131 INFO [http-nio-8080-exec-76] org.apache.catalina.core.StandardContext.reload Reloading Context with name [/Books] has started
11-Oct-2017 11:35:54.600 INFO [http-nio-8080-exec-76] org.apache.catalina.core.StandardContext.reload Reloading Context with name [/Books] is completed
11-Oct-2017 11:35:54.615 INFO [http-nio-8080-exec-84] org.apache.catalina.core.StandardContext.reload Reloading Context with name [/Books] has started
11-Oct-2017 11:35:55.162 INFO [http-nio-8080-exec-84] org.apache.catalina.core.StandardContext.reload Reloading Context with name [/Books] is completed
11-Oct-2017 11:37:19.284 INFO [http-nio-8080-exec-89] org.apache.catalina.core.StandardContext.reload Reloading Context with name [/Books] has started
11-Oct-2017 11:37:19.753 INFO [http-nio-8080-exec-89] org.apache.catalina.core.StandardContext.reload Reloading Context with name [/Books] is completed
11-Oct-2017 11:37:21.929 INFO [http-nio-8080-exec-78] org.apache.catalina.core.StandardContext.reload Reloading Context with name [/Books] has started
11-Oct-2017 11:37:22.351 INFO [http-nio-8080-exec-78] org.apache.catalina.core.StandardContext.reload Reloading Context with name [/Books] is completed
